2018-09-14 17:00:34 [127.0.0.1][-][3e7abb17tpqbv9mqc05eu1sv74][error][yii\web\HttpException:404] exception 'yii\base\InvalidRouteException' with message 'Unable to resolve the request "favicon.ico".' in D:\wamp64\www\template\vendor\yiisoft\yii2\base\Module.php:460
Stack trace:
#0 D:\wamp64\www\template\vendor\yiisoft\yii2\web\Application.php(100): yii\base\Module->runAction('favicon.ico', Array)
#1 D:\wamp64\www\template\vendor\yiisoft\yii2\base\Application.php(375): yii\web\Application->handleRequest(Object(yii\web\Request))
#2 D:\wamp64\www\template\backend\web\index.php(17): yii\base\Application->run()
#3 {main}

Next exception 'yii\web\NotFoundHttpException' with message '页面未找到。' in D:\wamp64\www\template\vendor\yiisoft\yii2\web\Application.php:112
Stack trace:
#0 D:\wamp64\www\template\vendor\yiisoft\yii2\base\Application.php(375): yii\web\Application->handleRequest(Object(yii\web\Request))
#1 D:\wamp64\www\template\backend\web\index.php(17): yii\base\Application->run()
#2 {main}
2018-09-14 17:00:34 [127.0.0.1][-][3e7abb17tpqbv9mqc05eu1sv74][info][application] $_COOKIE = [
    'advanced-backend' => '3e7abb17tpqbv9mqc05eu1sv74'
]

$_SESSION = [
    '__flash' => []
    '__captcha/site/captcha' => '1gj4'
    '__captcha/site/captchacount' => 1
]

$_SERVER = [
    'REDIRECT_STATUS' => '200'
    'HTTP_HOST' => 'admin.template.com'
    'HTTP_CONNECTION' => 'keep-alive'
    'HTTP_PRAGMA' => 'no-cache'
    'HTTP_CACHE_CONTROL' => 'no-cache'
    'HTTP_USER_AGENT' => 'Mozilla/5.0 (Windows NT 6.1; Win64; x64) AppleWebKit/537.36 (KHTML, like Gecko) Chrome/69.0.3497.81 Safari/537.36'
    'HTTP_ACCEPT' => 'image/webp,image/apng,image/*,*/*;q=0.8'
    'HTTP_REFERER' => 'http://admin.template.com/'
    'HTTP_ACCEPT_ENCODING' => 'gzip, deflate'
    'HTTP_ACCEPT_LANGUAGE' => 'zh-CN,zh;q=0.9'
    'HTTP_COOKIE' => 'advanced-backend=3e7abb17tpqbv9mqc05eu1sv74'
    'PATH' => 'C:\\Windows\\system32;C:\\Windows;C:\\Windows\\System32\\Wbem;C:\\Windows\\System32\\WindowsPowerShell\\v1.0\\;D:\\TortoiseSVN\\bin;D:\\wamp64\\bin\\php\\php5.6.35;C:\\ProgramData\\ComposerSetup\\bin;'
    'SystemRoot' => 'C:\\Windows'
    'COMSPEC' => 'C:\\Windows\\system32\\cmd.exe'
    'PATHEXT' => '.COM;.EXE;.BAT;.CMD;.VBS;.VBE;.JS;.JSE;.WSF;.WSH;.MSC'
    'WINDIR' => 'C:\\Windows'
    'SERVER_SIGNATURE' => '<address>Apache/2.4.33 (Win64) PHP/5.6.35 Server at admin.template.com Port 80</address>
'
    'SERVER_SOFTWARE' => 'Apache/2.4.33 (Win64) PHP/5.6.35'
    'SERVER_NAME' => 'admin.template.com'
    'SERVER_ADDR' => '127.0.0.1'
    'SERVER_PORT' => '80'
    'REMOTE_ADDR' => '127.0.0.1'
    'DOCUMENT_ROOT' => 'D:/wamp64/www/template/backend/web'
    'REQUEST_SCHEME' => 'http'
    'CONTEXT_PREFIX' => ''
    'CONTEXT_DOCUMENT_ROOT' => 'D:/wamp64/www/template/backend/web'
    'SERVER_ADMIN' => 'wampserver@wampserver.invalid'
    'SCRIPT_FILENAME' => 'D:/wamp64/www/template/backend/web/index.php'
    'REMOTE_PORT' => '49411'
    'REDIRECT_URL' => '/favicon.ico'
    'GATEWAY_INTERFACE' => 'CGI/1.1'
    'SERVER_PROTOCOL' => 'HTTP/1.1'
    'REQUEST_METHOD' => 'GET'
    'QUERY_STRING' => ''
    'REQUEST_URI' => '/favicon.ico'
    'SCRIPT_NAME' => '/index.php'
    'PHP_SELF' => '/index.php'
    'REQUEST_TIME_FLOAT' => 1536915634.277
    'REQUEST_TIME' => 1536915634
]
2018-09-14 17:18:00 [127.0.0.1][-][-][error][yii\web\HttpException:404] exception 'yii\base\InvalidRouteException' with message 'Unable to resolve the request "favicon.ico".' in D:\wamp64\www\hdsw\vendor\yiisoft\yii2\base\Module.php:460
Stack trace:
#0 D:\wamp64\www\hdsw\vendor\yiisoft\yii2\web\Application.php(100): yii\base\Module->runAction('favicon.ico', Array)
#1 D:\wamp64\www\hdsw\vendor\yiisoft\yii2\base\Application.php(375): yii\web\Application->handleRequest(Object(yii\web\Request))
#2 D:\wamp64\www\hdsw\backend\web\index.php(17): yii\base\Application->run()
#3 {main}

Next exception 'yii\web\NotFoundHttpException' with message '页面未找到。' in D:\wamp64\www\hdsw\vendor\yiisoft\yii2\web\Application.php:112
Stack trace:
#0 D:\wamp64\www\hdsw\vendor\yiisoft\yii2\base\Application.php(375): yii\web\Application->handleRequest(Object(yii\web\Request))
#1 D:\wamp64\www\hdsw\backend\web\index.php(17): yii\base\Application->run()
#2 {main}
2018-09-14 17:18:00 [127.0.0.1][-][-][info][application] $_COOKIE = [
    'advanced-backend' => 'vkl2rdjbkfqqdg2u3u6gs6gq67'
    '_csrf-backend' => '4dfd1acfc6fe9e12887adbb3391425d6f45d97a2efe8621ad196ade7a8463bc5a:2:{i:0;s:13:\"_csrf-backend\";i:1;s:32:\"08q7XDHfM1SMw9DZIKnHuecqOFtsQHJK\";}'
]

$_SERVER = [
    'REDIRECT_STATUS' => '200'
    'HTTP_HOST' => 'admin.hdsw.com'
    'HTTP_CONNECTION' => 'keep-alive'
    'HTTP_PRAGMA' => 'no-cache'
    'HTTP_CACHE_CONTROL' => 'no-cache'
    'HTTP_USER_AGENT' => 'Mozilla/5.0 (Windows NT 6.1; WOW64) AppleWebKit/537.36 (KHTML, like Gecko) Chrome/63.0.3239.26 Safari/537.36 Core/1.63.6726.400 QQBrowser/10.2.2265.400'
    'HTTP_ACCEPT' => 'image/webp,image/apng,image/*,*/*;q=0.8'
    'HTTP_REFERER' => 'http://admin.hdsw.com/index/index'
    'HTTP_ACCEPT_ENCODING' => 'gzip, deflate'
    'HTTP_ACCEPT_LANGUAGE' => 'zh-CN,zh;q=0.9'
    'HTTP_COOKIE' => 'advanced-backend=vkl2rdjbkfqqdg2u3u6gs6gq67; _csrf-backend=4dfd1acfc6fe9e12887adbb3391425d6f45d97a2efe8621ad196ade7a8463bc5a%3A2%3A%7Bi%3A0%3Bs%3A13%3A%22_csrf-backend%22%3Bi%3A1%3Bs%3A32%3A%2208q7XDHfM1SMw9DZIKnHuecqOFtsQHJK%22%3B%7D'
    'PATH' => 'C:\\Windows\\system32;C:\\Windows;C:\\Windows\\System32\\Wbem;C:\\Windows\\System32\\WindowsPowerShell\\v1.0\\;D:\\TortoiseSVN\\bin;D:\\wamp64\\bin\\php\\php5.6.35;C:\\ProgramData\\ComposerSetup\\bin;'
    'SystemRoot' => 'C:\\Windows'
    'COMSPEC' => 'C:\\Windows\\system32\\cmd.exe'
    'PATHEXT' => '.COM;.EXE;.BAT;.CMD;.VBS;.VBE;.JS;.JSE;.WSF;.WSH;.MSC'
    'WINDIR' => 'C:\\Windows'
    'SERVER_SIGNATURE' => '<address>Apache/2.4.33 (Win64) PHP/5.6.35 Server at admin.hdsw.com Port 80</address>
'
    'SERVER_SOFTWARE' => 'Apache/2.4.33 (Win64) PHP/5.6.35'
    'SERVER_NAME' => 'admin.hdsw.com'
    'SERVER_ADDR' => '127.0.0.1'
    'SERVER_PORT' => '80'
    'REMOTE_ADDR' => '127.0.0.1'
    'DOCUMENT_ROOT' => 'D:/wamp64/www/hdsw/backend/web'
    'REQUEST_SCHEME' => 'http'
    'CONTEXT_PREFIX' => ''
    'CONTEXT_DOCUMENT_ROOT' => 'D:/wamp64/www/hdsw/backend/web'
    'SERVER_ADMIN' => 'wampserver@wampserver.invalid'
    'SCRIPT_FILENAME' => 'D:/wamp64/www/hdsw/backend/web/index.php'
    'REMOTE_PORT' => '51544'
    'REDIRECT_URL' => '/favicon.ico'
    'GATEWAY_INTERFACE' => 'CGI/1.1'
    'SERVER_PROTOCOL' => 'HTTP/1.1'
    'REQUEST_METHOD' => 'GET'
    'QUERY_STRING' => ''
    'REQUEST_URI' => '/favicon.ico'
    'SCRIPT_NAME' => '/index.php'
    'PHP_SELF' => '/index.php'
    'REQUEST_TIME_FLOAT' => 1536916680.804
    'REQUEST_TIME' => 1536916680
]
2018-09-14 17:22:16 [127.0.0.1][-][-][error][yii\web\HttpException:404] exception 'yii\base\InvalidRouteException' with message 'Unable to resolve the request "favicon.ico".' in D:\wamp64\www\hdsw\vendor\yiisoft\yii2\base\Module.php:460
Stack trace:
#0 D:\wamp64\www\hdsw\vendor\yiisoft\yii2\web\Application.php(100): yii\base\Module->runAction('favicon.ico', Array)
#1 D:\wamp64\www\hdsw\vendor\yiisoft\yii2\base\Application.php(375): yii\web\Application->handleRequest(Object(yii\web\Request))
#2 D:\wamp64\www\hdsw\backend\web\index.php(17): yii\base\Application->run()
#3 {main}

Next exception 'yii\web\NotFoundHttpException' with message '页面未找到。' in D:\wamp64\www\hdsw\vendor\yiisoft\yii2\web\Application.php:112
Stack trace:
#0 D:\wamp64\www\hdsw\vendor\yiisoft\yii2\base\Application.php(375): yii\web\Application->handleRequest(Object(yii\web\Request))
#1 D:\wamp64\www\hdsw\backend\web\index.php(17): yii\base\Application->run()
#2 {main}
2018-09-14 17:22:16 [127.0.0.1][-][-][info][application] $_COOKIE = [
    'advanced-backend' => 'vkl2rdjbkfqqdg2u3u6gs6gq67'
    '_csrf-backend' => '4dfd1acfc6fe9e12887adbb3391425d6f45d97a2efe8621ad196ade7a8463bc5a:2:{i:0;s:13:\"_csrf-backend\";i:1;s:32:\"08q7XDHfM1SMw9DZIKnHuecqOFtsQHJK\";}'
]

$_SERVER = [
    'REDIRECT_STATUS' => '200'
    'HTTP_HOST' => 'admin.hdsw.com'
    'HTTP_CONNECTION' => 'keep-alive'
    'HTTP_PRAGMA' => 'no-cache'
    'HTTP_CACHE_CONTROL' => 'no-cache'
    'HTTP_USER_AGENT' => 'Mozilla/5.0 (Windows NT 6.1; WOW64) AppleWebKit/537.36 (KHTML, like Gecko) Chrome/63.0.3239.26 Safari/537.36 Core/1.63.6726.400 QQBrowser/10.2.2265.400'
    'HTTP_ACCEPT' => 'image/webp,image/apng,image/*,*/*;q=0.8'
    'HTTP_REFERER' => 'http://admin.hdsw.com/index/index'
    'HTTP_ACCEPT_ENCODING' => 'gzip, deflate'
    'HTTP_ACCEPT_LANGUAGE' => 'zh-CN,zh;q=0.9'
    'HTTP_COOKIE' => 'advanced-backend=vkl2rdjbkfqqdg2u3u6gs6gq67; _csrf-backend=4dfd1acfc6fe9e12887adbb3391425d6f45d97a2efe8621ad196ade7a8463bc5a%3A2%3A%7Bi%3A0%3Bs%3A13%3A%22_csrf-backend%22%3Bi%3A1%3Bs%3A32%3A%2208q7XDHfM1SMw9DZIKnHuecqOFtsQHJK%22%3B%7D'
    'PATH' => 'C:\\Windows\\system32;C:\\Windows;C:\\Windows\\System32\\Wbem;C:\\Windows\\System32\\WindowsPowerShell\\v1.0\\;D:\\TortoiseSVN\\bin;D:\\wamp64\\bin\\php\\php5.6.35;C:\\ProgramData\\ComposerSetup\\bin;'
    'SystemRoot' => 'C:\\Windows'
    'COMSPEC' => 'C:\\Windows\\system32\\cmd.exe'
    'PATHEXT' => '.COM;.EXE;.BAT;.CMD;.VBS;.VBE;.JS;.JSE;.WSF;.WSH;.MSC'
    'WINDIR' => 'C:\\Windows'
    'SERVER_SIGNATURE' => '<address>Apache/2.4.33 (Win64) PHP/5.6.35 Server at admin.hdsw.com Port 80</address>
'
    'SERVER_SOFTWARE' => 'Apache/2.4.33 (Win64) PHP/5.6.35'
    'SERVER_NAME' => 'admin.hdsw.com'
    'SERVER_ADDR' => '127.0.0.1'
    'SERVER_PORT' => '80'
    'REMOTE_ADDR' => '127.0.0.1'
    'DOCUMENT_ROOT' => 'D:/wamp64/www/hdsw/backend/web'
    'REQUEST_SCHEME' => 'http'
    'CONTEXT_PREFIX' => ''
    'CONTEXT_DOCUMENT_ROOT' => 'D:/wamp64/www/hdsw/backend/web'
    'SERVER_ADMIN' => 'wampserver@wampserver.invalid'
    'SCRIPT_FILENAME' => 'D:/wamp64/www/hdsw/backend/web/index.php'
    'REMOTE_PORT' => '52021'
    'REDIRECT_URL' => '/favicon.ico'
    'GATEWAY_INTERFACE' => 'CGI/1.1'
    'SERVER_PROTOCOL' => 'HTTP/1.1'
    'REQUEST_METHOD' => 'GET'
    'QUERY_STRING' => ''
    'REQUEST_URI' => '/favicon.ico'
    'SCRIPT_NAME' => '/index.php'
    'PHP_SELF' => '/index.php'
    'REQUEST_TIME_FLOAT' => 1536916936.706
    'REQUEST_TIME' => 1536916936
]
2018-09-14 18:35:34 [127.0.0.1][-][-][error][yii\web\HttpException:404] exception 'yii\base\InvalidRouteException' with message 'Unable to resolve the request "favicon.ico".' in D:\wamp64\www\hdsw\vendor\yiisoft\yii2\base\Module.php:460
Stack trace:
#0 D:\wamp64\www\hdsw\vendor\yiisoft\yii2\web\Application.php(100): yii\base\Module->runAction('favicon.ico', Array)
#1 D:\wamp64\www\hdsw\vendor\yiisoft\yii2\base\Application.php(375): yii\web\Application->handleRequest(Object(yii\web\Request))
#2 D:\wamp64\www\hdsw\backend\web\index.php(17): yii\base\Application->run()
#3 {main}

Next exception 'yii\web\NotFoundHttpException' with message '页面未找到。' in D:\wamp64\www\hdsw\vendor\yiisoft\yii2\web\Application.php:112
Stack trace:
#0 D:\wamp64\www\hdsw\vendor\yiisoft\yii2\base\Application.php(375): yii\web\Application->handleRequest(Object(yii\web\Request))
#1 D:\wamp64\www\hdsw\backend\web\index.php(17): yii\base\Application->run()
#2 {main}
2018-09-14 18:35:34 [127.0.0.1][-][-][info][application] $_COOKIE = [
    'advanced-backend' => 'vkl2rdjbkfqqdg2u3u6gs6gq67'
    '_csrf-backend' => '4dfd1acfc6fe9e12887adbb3391425d6f45d97a2efe8621ad196ade7a8463bc5a:2:{i:0;s:13:\"_csrf-backend\";i:1;s:32:\"08q7XDHfM1SMw9DZIKnHuecqOFtsQHJK\";}'
]

$_SERVER = [
    'REDIRECT_STATUS' => '200'
    'HTTP_HOST' => 'admin.hdsw.com'
    'HTTP_CONNECTION' => 'keep-alive'
    'HTTP_PRAGMA' => 'no-cache'
    'HTTP_CACHE_CONTROL' => 'no-cache'
    'HTTP_USER_AGENT' => 'Mozilla/5.0 (Windows NT 6.1; WOW64) AppleWebKit/537.36 (KHTML, like Gecko) Chrome/63.0.3239.26 Safari/537.36 Core/1.63.6726.400 QQBrowser/10.2.2265.400'
    'HTTP_ACCEPT' => 'image/webp,image/apng,image/*,*/*;q=0.8'
    'HTTP_REFERER' => 'http://admin.hdsw.com/index/index'
    'HTTP_ACCEPT_ENCODING' => 'gzip, deflate'
    'HTTP_ACCEPT_LANGUAGE' => 'zh-CN,zh;q=0.9'
    'HTTP_COOKIE' => 'advanced-backend=vkl2rdjbkfqqdg2u3u6gs6gq67; _csrf-backend=4dfd1acfc6fe9e12887adbb3391425d6f45d97a2efe8621ad196ade7a8463bc5a%3A2%3A%7Bi%3A0%3Bs%3A13%3A%22_csrf-backend%22%3Bi%3A1%3Bs%3A32%3A%2208q7XDHfM1SMw9DZIKnHuecqOFtsQHJK%22%3B%7D'
    'PATH' => 'C:\\Windows\\system32;C:\\Windows;C:\\Windows\\System32\\Wbem;C:\\Windows\\System32\\WindowsPowerShell\\v1.0\\;D:\\TortoiseSVN\\bin;D:\\wamp64\\bin\\php\\php5.6.35;C:\\ProgramData\\ComposerSetup\\bin;'
    'SystemRoot' => 'C:\\Windows'
    'COMSPEC' => 'C:\\Windows\\system32\\cmd.exe'
    'PATHEXT' => '.COM;.EXE;.BAT;.CMD;.VBS;.VBE;.JS;.JSE;.WSF;.WSH;.MSC'
    'WINDIR' => 'C:\\Windows'
    'SERVER_SIGNATURE' => '<address>Apache/2.4.33 (Win64) PHP/5.6.35 Server at admin.hdsw.com Port 80</address>
'
    'SERVER_SOFTWARE' => 'Apache/2.4.33 (Win64) PHP/5.6.35'
    'SERVER_NAME' => 'admin.hdsw.com'
    'SERVER_ADDR' => '127.0.0.1'
    'SERVER_PORT' => '80'
    'REMOTE_ADDR' => '127.0.0.1'
    'DOCUMENT_ROOT' => 'D:/wamp64/www/hdsw/backend/web'
    'REQUEST_SCHEME' => 'http'
    'CONTEXT_PREFIX' => ''
    'CONTEXT_DOCUMENT_ROOT' => 'D:/wamp64/www/hdsw/backend/web'
    'SERVER_ADMIN' => 'wampserver@wampserver.invalid'
    'SCRIPT_FILENAME' => 'D:/wamp64/www/hdsw/backend/web/index.php'
    'REMOTE_PORT' => '59328'
    'REDIRECT_URL' => '/favicon.ico'
    'GATEWAY_INTERFACE' => 'CGI/1.1'
    'SERVER_PROTOCOL' => 'HTTP/1.1'
    'REQUEST_METHOD' => 'GET'
    'QUERY_STRING' => ''
    'REQUEST_URI' => '/favicon.ico'
    'SCRIPT_NAME' => '/index.php'
    'PHP_SELF' => '/index.php'
    'REQUEST_TIME_FLOAT' => 1536921333.989
    'REQUEST_TIME' => 1536921333
]
2018-09-18 09:13:32 [127.0.0.1][-][-][error][yii\web\HttpException:404] exception 'yii\base\InvalidRouteException' with message 'Unable to resolve the request "favicon.ico".' in D:\wamp64\www\hdsw\vendor\yiisoft\yii2\base\Module.php:460
Stack trace:
#0 D:\wamp64\www\hdsw\vendor\yiisoft\yii2\web\Application.php(100): yii\base\Module->runAction('favicon.ico', Array)
#1 D:\wamp64\www\hdsw\vendor\yiisoft\yii2\base\Application.php(375): yii\web\Application->handleRequest(Object(yii\web\Request))
#2 D:\wamp64\www\hdsw\backend\web\index.php(17): yii\base\Application->run()
#3 {main}

Next exception 'yii\web\NotFoundHttpException' with message '页面未找到。' in D:\wamp64\www\hdsw\vendor\yiisoft\yii2\web\Application.php:112
Stack trace:
#0 D:\wamp64\www\hdsw\vendor\yiisoft\yii2\base\Application.php(375): yii\web\Application->handleRequest(Object(yii\web\Request))
#1 D:\wamp64\www\hdsw\backend\web\index.php(17): yii\base\Application->run()
#2 {main}
2018-09-18 09:13:32 [127.0.0.1][-][-][info][application] $_COOKIE = [
    'advanced-backend' => '8cvquibekgt8occr0b8belo3c6'
]

$_SERVER = [
    'REDIRECT_STATUS' => '200'
    'HTTP_HOST' => 'admin.hdsw.com'
    'HTTP_CONNECTION' => 'keep-alive'
    'HTTP_USER_AGENT' => 'Mozilla/5.0 (Windows NT 6.1; WOW64) AppleWebKit/537.36 (KHTML, like Gecko) Chrome/63.0.3239.26 Safari/537.36 Core/1.63.6726.400 QQBrowser/10.2.2265.400'
    'HTTP_ACCEPT' => 'image/webp,image/apng,image/*,*/*;q=0.8'
    'HTTP_REFERER' => 'http://admin.hdsw.com/site/login'
    'HTTP_ACCEPT_ENCODING' => 'gzip, deflate'
    'HTTP_ACCEPT_LANGUAGE' => 'zh-CN,zh;q=0.9'
    'HTTP_COOKIE' => 'advanced-backend=8cvquibekgt8occr0b8belo3c6'
    'PATH' => 'C:\\Windows\\system32;C:\\Windows;C:\\Windows\\System32\\Wbem;C:\\Windows\\System32\\WindowsPowerShell\\v1.0\\;D:\\TortoiseSVN\\bin;D:\\wamp64\\bin\\php\\php5.6.35;'
    'SystemRoot' => 'C:\\Windows'
    'COMSPEC' => 'C:\\Windows\\system32\\cmd.exe'
    'PATHEXT' => '.COM;.EXE;.BAT;.CMD;.VBS;.VBE;.JS;.JSE;.WSF;.WSH;.MSC'
    'WINDIR' => 'C:\\Windows'
    'SERVER_SIGNATURE' => '<address>Apache/2.4.33 (Win64) PHP/5.6.35 Server at admin.hdsw.com Port 80</address>
'
    'SERVER_SOFTWARE' => 'Apache/2.4.33 (Win64) PHP/5.6.35'
    'SERVER_NAME' => 'admin.hdsw.com'
    'SERVER_ADDR' => '127.0.0.1'
    'SERVER_PORT' => '80'
    'REMOTE_ADDR' => '127.0.0.1'
    'DOCUMENT_ROOT' => 'D:/wamp64/www/hdsw/backend/web'
    'REQUEST_SCHEME' => 'http'
    'CONTEXT_PREFIX' => ''
    'CONTEXT_DOCUMENT_ROOT' => 'D:/wamp64/www/hdsw/backend/web'
    'SERVER_ADMIN' => 'wampserver@wampserver.invalid'
    'SCRIPT_FILENAME' => 'D:/wamp64/www/hdsw/backend/web/index.php'
    'REMOTE_PORT' => '49969'
    'REDIRECT_URL' => '/favicon.ico'
    'GATEWAY_INTERFACE' => 'CGI/1.1'
    'SERVER_PROTOCOL' => 'HTTP/1.1'
    'REQUEST_METHOD' => 'GET'
    'QUERY_STRING' => ''
    'REQUEST_URI' => '/favicon.ico'
    'SCRIPT_NAME' => '/index.php'
    'PHP_SELF' => '/index.php'
    'REQUEST_TIME_FLOAT' => 1537233212.197
    'REQUEST_TIME' => 1537233212
]
2018-09-18 14:30:39 [127.0.0.1][-][-][error][yii\web\HttpException:404] exception 'yii\base\InvalidRouteException' with message 'Unable to resolve the request "favicon.ico".' in D:\wamp64\www\hdsw\vendor\yiisoft\yii2\base\Module.php:460
Stack trace:
#0 D:\wamp64\www\hdsw\vendor\yiisoft\yii2\web\Application.php(100): yii\base\Module->runAction('favicon.ico', Array)
#1 D:\wamp64\www\hdsw\vendor\yiisoft\yii2\base\Application.php(375): yii\web\Application->handleRequest(Object(yii\web\Request))
#2 D:\wamp64\www\hdsw\backend\web\index.php(17): yii\base\Application->run()
#3 {main}

Next exception 'yii\web\NotFoundHttpException' with message '页面未找到。' in D:\wamp64\www\hdsw\vendor\yiisoft\yii2\web\Application.php:112
Stack trace:
#0 D:\wamp64\www\hdsw\vendor\yiisoft\yii2\base\Application.php(375): yii\web\Application->handleRequest(Object(yii\web\Request))
#1 D:\wamp64\www\hdsw\backend\web\index.php(17): yii\base\Application->run()
#2 {main}
2018-09-18 14:30:39 [127.0.0.1][-][-][info][application] $_COOKIE = [
    'advanced-backend' => '8cvquibekgt8occr0b8belo3c6'
]

$_SERVER = [
    'REDIRECT_STATUS' => '200'
    'HTTP_HOST' => 'admin.hdsw.com'
    'HTTP_CONNECTION' => 'keep-alive'
    'HTTP_PRAGMA' => 'no-cache'
    'HTTP_CACHE_CONTROL' => 'no-cache'
    'HTTP_USER_AGENT' => 'Mozilla/5.0 (Windows NT 6.1; WOW64) AppleWebKit/537.36 (KHTML, like Gecko) Chrome/63.0.3239.26 Safari/537.36 Core/1.63.6726.400 QQBrowser/10.2.2265.400'
    'HTTP_ACCEPT' => 'image/webp,image/apng,image/*,*/*;q=0.8'
    'HTTP_REFERER' => 'http://admin.hdsw.com/site/login'
    'HTTP_ACCEPT_ENCODING' => 'gzip, deflate'
    'HTTP_ACCEPT_LANGUAGE' => 'zh-CN,zh;q=0.9'
    'HTTP_COOKIE' => 'advanced-backend=8cvquibekgt8occr0b8belo3c6'
    'PATH' => 'C:\\Windows\\system32;C:\\Windows;C:\\Windows\\System32\\Wbem;C:\\Windows\\System32\\WindowsPowerShell\\v1.0\\;D:\\TortoiseSVN\\bin;D:\\wamp64\\bin\\php\\php5.6.35;'
    'SystemRoot' => 'C:\\Windows'
    'COMSPEC' => 'C:\\Windows\\system32\\cmd.exe'
    'PATHEXT' => '.COM;.EXE;.BAT;.CMD;.VBS;.VBE;.JS;.JSE;.WSF;.WSH;.MSC'
    'WINDIR' => 'C:\\Windows'
    'SERVER_SIGNATURE' => '<address>Apache/2.4.33 (Win64) PHP/5.6.35 Server at admin.hdsw.com Port 80</address>
'
    'SERVER_SOFTWARE' => 'Apache/2.4.33 (Win64) PHP/5.6.35'
    'SERVER_NAME' => 'admin.hdsw.com'
    'SERVER_ADDR' => '127.0.0.1'
    'SERVER_PORT' => '80'
    'REMOTE_ADDR' => '127.0.0.1'
    'DOCUMENT_ROOT' => 'D:/wamp64/www/hdsw/backend/web'
    'REQUEST_SCHEME' => 'http'
    'CONTEXT_PREFIX' => ''
    'CONTEXT_DOCUMENT_ROOT' => 'D:/wamp64/www/hdsw/backend/web'
    'SERVER_ADMIN' => 'wampserver@wampserver.invalid'
    'SCRIPT_FILENAME' => 'D:/wamp64/www/hdsw/backend/web/index.php'
    'REMOTE_PORT' => '51205'
    'REDIRECT_URL' => '/favicon.ico'
    'GATEWAY_INTERFACE' => 'CGI/1.1'
    'SERVER_PROTOCOL' => 'HTTP/1.1'
    'REQUEST_METHOD' => 'GET'
    'QUERY_STRING' => ''
    'REQUEST_URI' => '/favicon.ico'
    'SCRIPT_NAME' => '/index.php'
    'PHP_SELF' => '/index.php'
    'REQUEST_TIME_FLOAT' => 1537252239.796
    'REQUEST_TIME' => 1537252239
]
2018-09-19 09:10:49 [127.0.0.1][-][-][error][yii\web\HttpException:404] exception 'yii\base\InvalidRouteException' with message 'Unable to resolve the request "favicon.ico".' in D:\wamp64\www\hdsw\vendor\yiisoft\yii2\base\Module.php:460
Stack trace:
#0 D:\wamp64\www\hdsw\vendor\yiisoft\yii2\web\Application.php(100): yii\base\Module->runAction('favicon.ico', Array)
#1 D:\wamp64\www\hdsw\vendor\yiisoft\yii2\base\Application.php(375): yii\web\Application->handleRequest(Object(yii\web\Request))
#2 D:\wamp64\www\hdsw\backend\web\index.php(17): yii\base\Application->run()
#3 {main}

Next exception 'yii\web\NotFoundHttpException' with message '页面未找到。' in D:\wamp64\www\hdsw\vendor\yiisoft\yii2\web\Application.php:112
Stack trace:
#0 D:\wamp64\www\hdsw\vendor\yiisoft\yii2\base\Application.php(375): yii\web\Application->handleRequest(Object(yii\web\Request))
#1 D:\wamp64\www\hdsw\backend\web\index.php(17): yii\base\Application->run()
#2 {main}
2018-09-19 09:10:48 [127.0.0.1][-][-][info][application] $_COOKIE = [
    'advanced-backend' => 'eghcqt14lobeab3badhhcbnqb1'
]

$_SERVER = [
    'REDIRECT_STATUS' => '200'
    'HTTP_HOST' => 'admin.hdsw.com'
    'HTTP_CONNECTION' => 'keep-alive'
    'HTTP_USER_AGENT' => 'Mozilla/5.0 (Windows NT 6.1; WOW64) AppleWebKit/537.36 (KHTML, like Gecko) Chrome/63.0.3239.26 Safari/537.36 Core/1.63.6726.400 QQBrowser/10.2.2265.400'
    'HTTP_ACCEPT' => 'image/webp,image/apng,image/*,*/*;q=0.8'
    'HTTP_REFERER' => 'http://admin.hdsw.com/site/login'
    'HTTP_ACCEPT_ENCODING' => 'gzip, deflate'
    'HTTP_ACCEPT_LANGUAGE' => 'zh-CN,zh;q=0.9'
    'HTTP_COOKIE' => 'advanced-backend=eghcqt14lobeab3badhhcbnqb1'
    'PATH' => 'C:\\Windows\\system32;C:\\Windows;C:\\Windows\\System32\\Wbem;C:\\Windows\\System32\\WindowsPowerShell\\v1.0\\;D:\\TortoiseSVN\\bin;D:\\wamp64\\bin\\php\\php5.6.35;'
    'SystemRoot' => 'C:\\Windows'
    'COMSPEC' => 'C:\\Windows\\system32\\cmd.exe'
    'PATHEXT' => '.COM;.EXE;.BAT;.CMD;.VBS;.VBE;.JS;.JSE;.WSF;.WSH;.MSC'
    'WINDIR' => 'C:\\Windows'
    'SERVER_SIGNATURE' => '<address>Apache/2.4.33 (Win64) PHP/5.6.35 Server at admin.hdsw.com Port 80</address>
'
    'SERVER_SOFTWARE' => 'Apache/2.4.33 (Win64) PHP/5.6.35'
    'SERVER_NAME' => 'admin.hdsw.com'
    'SERVER_ADDR' => '127.0.0.1'
    'SERVER_PORT' => '80'
    'REMOTE_ADDR' => '127.0.0.1'
    'DOCUMENT_ROOT' => 'D:/wamp64/www/hdsw/backend/web'
    'REQUEST_SCHEME' => 'http'
    'CONTEXT_PREFIX' => ''
    'CONTEXT_DOCUMENT_ROOT' => 'D:/wamp64/www/hdsw/backend/web'
    'SERVER_ADMIN' => 'wampserver@wampserver.invalid'
    'SCRIPT_FILENAME' => 'D:/wamp64/www/hdsw/backend/web/index.php'
    'REMOTE_PORT' => '49768'
    'REDIRECT_URL' => '/favicon.ico'
    'GATEWAY_INTERFACE' => 'CGI/1.1'
    'SERVER_PROTOCOL' => 'HTTP/1.1'
    'REQUEST_METHOD' => 'GET'
    'QUERY_STRING' => ''
    'REQUEST_URI' => '/favicon.ico'
    'SCRIPT_NAME' => '/index.php'
    'PHP_SELF' => '/index.php'
    'REQUEST_TIME_FLOAT' => 1537319448.961
    'REQUEST_TIME' => 1537319448
]
2018-09-20 09:20:55 [127.0.0.1][-][-][error][yii\web\HttpException:404] exception 'yii\base\InvalidRouteException' with message 'Unable to resolve the request "favicon.ico".' in D:\wamp64\www\hdsw\vendor\yiisoft\yii2\base\Module.php:460
Stack trace:
#0 D:\wamp64\www\hdsw\vendor\yiisoft\yii2\web\Application.php(100): yii\base\Module->runAction('favicon.ico', Array)
#1 D:\wamp64\www\hdsw\vendor\yiisoft\yii2\base\Application.php(375): yii\web\Application->handleRequest(Object(yii\web\Request))
#2 D:\wamp64\www\hdsw\backend\web\index.php(17): yii\base\Application->run()
#3 {main}

Next exception 'yii\web\NotFoundHttpException' with message '页面未找到。' in D:\wamp64\www\hdsw\vendor\yiisoft\yii2\web\Application.php:112
Stack trace:
#0 D:\wamp64\www\hdsw\vendor\yiisoft\yii2\base\Application.php(375): yii\web\Application->handleRequest(Object(yii\web\Request))
#1 D:\wamp64\www\hdsw\backend\web\index.php(17): yii\base\Application->run()
#2 {main}
2018-09-20 09:20:55 [127.0.0.1][-][-][info][application] $_COOKIE = [
    'advanced-backend' => '6lt3u7s5cb2ncmn323vhqqmrv1'
]

$_SERVER = [
    'REDIRECT_STATUS' => '200'
    'HTTP_HOST' => 'admin.hdsw.com'
    'HTTP_CONNECTION' => 'keep-alive'
    'HTTP_USER_AGENT' => 'Mozilla/5.0 (Windows NT 6.1; WOW64) AppleWebKit/537.36 (KHTML, like Gecko) Chrome/63.0.3239.26 Safari/537.36 Core/1.63.6726.400 QQBrowser/10.2.2265.400'
    'HTTP_ACCEPT' => 'image/webp,image/apng,image/*,*/*;q=0.8'
    'HTTP_REFERER' => 'http://admin.hdsw.com/site/login'
    'HTTP_ACCEPT_ENCODING' => 'gzip, deflate'
    'HTTP_ACCEPT_LANGUAGE' => 'zh-CN,zh;q=0.9'
    'HTTP_COOKIE' => 'advanced-backend=6lt3u7s5cb2ncmn323vhqqmrv1'
    'PATH' => 'C:\\Windows\\system32;C:\\Windows;C:\\Windows\\System32\\Wbem;C:\\Windows\\System32\\WindowsPowerShell\\v1.0\\;D:\\TortoiseSVN\\bin;D:\\wamp64\\bin\\php\\php5.6.35;'
    'SystemRoot' => 'C:\\Windows'
    'COMSPEC' => 'C:\\Windows\\system32\\cmd.exe'
    'PATHEXT' => '.COM;.EXE;.BAT;.CMD;.VBS;.VBE;.JS;.JSE;.WSF;.WSH;.MSC'
    'WINDIR' => 'C:\\Windows'
    'SERVER_SIGNATURE' => '<address>Apache/2.4.33 (Win64) PHP/5.6.35 Server at admin.hdsw.com Port 80</address>
'
    'SERVER_SOFTWARE' => 'Apache/2.4.33 (Win64) PHP/5.6.35'
    'SERVER_NAME' => 'admin.hdsw.com'
    'SERVER_ADDR' => '127.0.0.1'
    'SERVER_PORT' => '80'
    'REMOTE_ADDR' => '127.0.0.1'
    'DOCUMENT_ROOT' => 'D:/wamp64/www/hdsw/backend/web'
    'REQUEST_SCHEME' => 'http'
    'CONTEXT_PREFIX' => ''
    'CONTEXT_DOCUMENT_ROOT' => 'D:/wamp64/www/hdsw/backend/web'
    'SERVER_ADMIN' => 'wampserver@wampserver.invalid'
    'SCRIPT_FILENAME' => 'D:/wamp64/www/hdsw/backend/web/index.php'
    'REMOTE_PORT' => '49808'
    'REDIRECT_URL' => '/favicon.ico'
    'GATEWAY_INTERFACE' => 'CGI/1.1'
    'SERVER_PROTOCOL' => 'HTTP/1.1'
    'REQUEST_METHOD' => 'GET'
    'QUERY_STRING' => ''
    'REQUEST_URI' => '/favicon.ico'
    'SCRIPT_NAME' => '/index.php'
    'PHP_SELF' => '/index.php'
    'REQUEST_TIME_FLOAT' => 1537406455.274
    'REQUEST_TIME' => 1537406455
]
2018-09-20 15:58:00 [127.0.0.1][-][6lt3u7s5cb2ncmn323vhqqmrv1][error][yii\base\UnknownPropertyException] exception 'yii\base\UnknownPropertyException' with message 'Getting unknown property: backend\controllers\AdminController::crypto' in D:\wamp64\www\hdsw\vendor\yiisoft\yii2\base\Component.php:143
Stack trace:
#0 D:\wamp64\www\hdsw\backend\controllers\AdminController.php(175): yii\base\Component->__get('crypto')
#1 [internal function]: backend\controllers\AdminController->actionAdmin_pwd()
#2 D:\wamp64\www\hdsw\vendor\yiisoft\yii2\base\InlineAction.php(55): call_user_func_array(Array, Array)
#3 D:\wamp64\www\hdsw\vendor\yiisoft\yii2\base\Controller.php(154): yii\base\InlineAction->runWithParams(Array)
#4 D:\wamp64\www\hdsw\vendor\yiisoft\yii2\base\Module.php(454): yii\base\Controller->runAction('admin_pwd', Array)
#5 D:\wamp64\www\hdsw\vendor\yiisoft\yii2\web\Application.php(100): yii\base\Module->runAction('admin/admin_pwd', Array)
#6 D:\wamp64\www\hdsw\vendor\yiisoft\yii2\base\Application.php(375): yii\web\Application->handleRequest(Object(yii\web\Request))
#7 D:\wamp64\www\hdsw\backend\web\index.php(17): yii\base\Application->run()
#8 {main}
2018-09-20 15:58:00 [127.0.0.1][-][6lt3u7s5cb2ncmn323vhqqmrv1][info][application] $_POST = [
    'Admin' => [
        'id' => '1'
        'username' => 'admin'
        'password' => '@admin1230.123.'
        'pwd_repeat' => '@admin1230.123.'
    ]
]

$_COOKIE = [
    'advanced-backend' => '6lt3u7s5cb2ncmn323vhqqmrv1'
]

$_SESSION = [
    '__flash' => []
    '__captcha/site/captcha' => 'm2m1'
    '__captcha/site/captchacount' => 1
    'userInfo' => [
        'id' => '3'
        'username' => 'shen'
    ]
]

$_SERVER = [
    'REDIRECT_STATUS' => '200'
    'HTTP_HOST' => 'admin.hdsw.com'
    'HTTP_CONNECTION' => 'keep-alive'
    'CONTENT_LENGTH' => '119'
    'HTTP_ACCEPT' => 'application/json, text/javascript, */*; q=0.01'
    'HTTP_ORIGIN' => 'http://admin.hdsw.com'
    'HTTP_X_REQUESTED_WITH' => 'XMLHttpRequest'
    'HTTP_USER_AGENT' => 'Mozilla/5.0 (Windows NT 6.1; WOW64) AppleWebKit/537.36 (KHTML, like Gecko) Chrome/63.0.3239.26 Safari/537.36 Core/1.63.6726.400 QQBrowser/10.2.2265.400'
    'CONTENT_TYPE' => 'application/x-www-form-urlencoded; charset=UTF-8'
    'HTTP_REFERER' => 'http://admin.hdsw.com/admin/admin_pwd?id=1'
    'HTTP_ACCEPT_ENCODING' => 'gzip, deflate'
    'HTTP_ACCEPT_LANGUAGE' => 'zh-CN,zh;q=0.9'
    'HTTP_COOKIE' => 'advanced-backend=6lt3u7s5cb2ncmn323vhqqmrv1'
    'PATH' => 'C:\\Windows\\system32;C:\\Windows;C:\\Windows\\System32\\Wbem;C:\\Windows\\System32\\WindowsPowerShell\\v1.0\\;D:\\TortoiseSVN\\bin;D:\\wamp64\\bin\\php\\php5.6.35;'
    'SystemRoot' => 'C:\\Windows'
    'COMSPEC' => 'C:\\Windows\\system32\\cmd.exe'
    'PATHEXT' => '.COM;.EXE;.BAT;.CMD;.VBS;.VBE;.JS;.JSE;.WSF;.WSH;.MSC'
    'WINDIR' => 'C:\\Windows'
    'SERVER_SIGNATURE' => '<address>Apache/2.4.33 (Win64) PHP/5.6.35 Server at admin.hdsw.com Port 80</address>
'
    'SERVER_SOFTWARE' => 'Apache/2.4.33 (Win64) PHP/5.6.35'
    'SERVER_NAME' => 'admin.hdsw.com'
    'SERVER_ADDR' => '127.0.0.1'
    'SERVER_PORT' => '80'
    'REMOTE_ADDR' => '127.0.0.1'
    'DOCUMENT_ROOT' => 'D:/wamp64/www/hdsw/backend/web'
    'REQUEST_SCHEME' => 'http'
    'CONTEXT_PREFIX' => ''
    'CONTEXT_DOCUMENT_ROOT' => 'D:/wamp64/www/hdsw/backend/web'
    'SERVER_ADMIN' => 'wampserver@wampserver.invalid'
    'SCRIPT_FILENAME' => 'D:/wamp64/www/hdsw/backend/web/index.php'
    'REMOTE_PORT' => '59750'
    'REDIRECT_URL' => '/admin/admin_pwd'
    'GATEWAY_INTERFACE' => 'CGI/1.1'
    'SERVER_PROTOCOL' => 'HTTP/1.1'
    'REQUEST_METHOD' => 'POST'
    'QUERY_STRING' => ''
    'REQUEST_URI' => '/admin/admin_pwd'
    'SCRIPT_NAME' => '/index.php'
    'PHP_SELF' => '/index.php'
    'REQUEST_TIME_FLOAT' => 1537430280.205
    'REQUEST_TIME' => 1537430280
]
2018-09-20 15:58:16 [127.0.0.1][-][-][error][yii\web\HttpException:404] exception 'yii\base\InvalidRouteException' with message 'Unable to resolve the request "favicon.ico".' in D:\wamp64\www\hdsw\vendor\yiisoft\yii2\base\Module.php:460
Stack trace:
#0 D:\wamp64\www\hdsw\vendor\yiisoft\yii2\web\Application.php(100): yii\base\Module->runAction('favicon.ico', Array)
#1 D:\wamp64\www\hdsw\vendor\yiisoft\yii2\base\Application.php(375): yii\web\Application->handleRequest(Object(yii\web\Request))
#2 D:\wamp64\www\hdsw\backend\web\index.php(17): yii\base\Application->run()
#3 {main}

Next exception 'yii\web\NotFoundHttpException' with message '页面未找到。' in D:\wamp64\www\hdsw\vendor\yiisoft\yii2\web\Application.php:112
Stack trace:
#0 D:\wamp64\www\hdsw\vendor\yiisoft\yii2\base\Application.php(375): yii\web\Application->handleRequest(Object(yii\web\Request))
#1 D:\wamp64\www\hdsw\backend\web\index.php(17): yii\base\Application->run()
#2 {main}
2018-09-20 15:58:16 [127.0.0.1][-][-][info][application] $_COOKIE = [
    'advanced-backend' => '6lt3u7s5cb2ncmn323vhqqmrv1'
]

$_SERVER = [
    'REDIRECT_STATUS' => '200'
    'HTTP_HOST' => 'admin.hdsw.com'
    'HTTP_CONNECTION' => 'keep-alive'
    'HTTP_PRAGMA' => 'no-cache'
    'HTTP_CACHE_CONTROL' => 'no-cache'
    'HTTP_USER_AGENT' => 'Mozilla/5.0 (Windows NT 6.1; WOW64) AppleWebKit/537.36 (KHTML, like Gecko) Chrome/63.0.3239.26 Safari/537.36 Core/1.63.6726.400 QQBrowser/10.2.2265.400'
    'HTTP_ACCEPT' => 'image/webp,image/apng,image/*,*/*;q=0.8'
    'HTTP_REFERER' => 'http://admin.hdsw.com/index/index'
    'HTTP_ACCEPT_ENCODING' => 'gzip, deflate'
    'HTTP_ACCEPT_LANGUAGE' => 'zh-CN,zh;q=0.9'
    'HTTP_COOKIE' => 'advanced-backend=6lt3u7s5cb2ncmn323vhqqmrv1'
    'PATH' => 'C:\\Windows\\system32;C:\\Windows;C:\\Windows\\System32\\Wbem;C:\\Windows\\System32\\WindowsPowerShell\\v1.0\\;D:\\TortoiseSVN\\bin;D:\\wamp64\\bin\\php\\php5.6.35;'
    'SystemRoot' => 'C:\\Windows'
    'COMSPEC' => 'C:\\Windows\\system32\\cmd.exe'
    'PATHEXT' => '.COM;.EXE;.BAT;.CMD;.VBS;.VBE;.JS;.JSE;.WSF;.WSH;.MSC'
    'WINDIR' => 'C:\\Windows'
    'SERVER_SIGNATURE' => '<address>Apache/2.4.33 (Win64) PHP/5.6.35 Server at admin.hdsw.com Port 80</address>
'
    'SERVER_SOFTWARE' => 'Apache/2.4.33 (Win64) PHP/5.6.35'
    'SERVER_NAME' => 'admin.hdsw.com'
    'SERVER_ADDR' => '127.0.0.1'
    'SERVER_PORT' => '80'
    'REMOTE_ADDR' => '127.0.0.1'
    'DOCUMENT_ROOT' => 'D:/wamp64/www/hdsw/backend/web'
    'REQUEST_SCHEME' => 'http'
    'CONTEXT_PREFIX' => ''
    'CONTEXT_DOCUMENT_ROOT' => 'D:/wamp64/www/hdsw/backend/web'
    'SERVER_ADMIN' => 'wampserver@wampserver.invalid'
    'SCRIPT_FILENAME' => 'D:/wamp64/www/hdsw/backend/web/index.php'
    'REMOTE_PORT' => '59799'
    'REDIRECT_URL' => '/favicon.ico'
    'GATEWAY_INTERFACE' => 'CGI/1.1'
    'SERVER_PROTOCOL' => 'HTTP/1.1'
    'REQUEST_METHOD' => 'GET'
    'QUERY_STRING' => ''
    'REQUEST_URI' => '/favicon.ico'
    'SCRIPT_NAME' => '/index.php'
    'PHP_SELF' => '/index.php'
    'REQUEST_TIME_FLOAT' => 1537430296.649
    'REQUEST_TIME' => 1537430296
]
2018-09-20 15:58:34 [127.0.0.1][-][6lt3u7s5cb2ncmn323vhqqmrv1][error][yii\base\UnknownPropertyException] exception 'yii\base\UnknownPropertyException' with message 'Getting unknown property: backend\controllers\AdminController::crypto' in D:\wamp64\www\hdsw\vendor\yiisoft\yii2\base\Component.php:143
Stack trace:
#0 D:\wamp64\www\hdsw\backend\controllers\AdminController.php(175): yii\base\Component->__get('crypto')
#1 [internal function]: backend\controllers\AdminController->actionAdmin_pwd()
#2 D:\wamp64\www\hdsw\vendor\yiisoft\yii2\base\InlineAction.php(55): call_user_func_array(Array, Array)
#3 D:\wamp64\www\hdsw\vendor\yiisoft\yii2\base\Controller.php(154): yii\base\InlineAction->runWithParams(Array)
#4 D:\wamp64\www\hdsw\vendor\yiisoft\yii2\base\Module.php(454): yii\base\Controller->runAction('admin_pwd', Array)
#5 D:\wamp64\www\hdsw\vendor\yiisoft\yii2\web\Application.php(100): yii\base\Module->runAction('admin/admin_pwd', Array)
#6 D:\wamp64\www\hdsw\vendor\yiisoft\yii2\base\Application.php(375): yii\web\Application->handleRequest(Object(yii\web\Request))
#7 D:\wamp64\www\hdsw\backend\web\index.php(17): yii\base\Application->run()
#8 {main}
2018-09-20 15:58:34 [127.0.0.1][-][6lt3u7s5cb2ncmn323vhqqmrv1][info][application] $_POST = [
    'Admin' => [
        'id' => '1'
        'username' => 'admin'
        'password' => '@admin1230.123.'
        'pwd_repeat' => '@admin1230.123.'
    ]
]

$_COOKIE = [
    'advanced-backend' => '6lt3u7s5cb2ncmn323vhqqmrv1'
]

$_SESSION = [
    '__flash' => []
    '__captcha/site/captcha' => 'm2m1'
    '__captcha/site/captchacount' => 1
    'userInfo' => [
        'id' => '3'
        'username' => 'shen'
    ]
]

$_SERVER = [
    'REDIRECT_STATUS' => '200'
    'HTTP_HOST' => 'admin.hdsw.com'
    'HTTP_CONNECTION' => 'keep-alive'
    'CONTENT_LENGTH' => '119'
    'HTTP_ACCEPT' => 'application/json, text/javascript, */*; q=0.01'
    'HTTP_ORIGIN' => 'http://admin.hdsw.com'
    'HTTP_X_REQUESTED_WITH' => 'XMLHttpRequest'
    'HTTP_USER_AGENT' => 'Mozilla/5.0 (Windows NT 6.1; WOW64) AppleWebKit/537.36 (KHTML, like Gecko) Chrome/63.0.3239.26 Safari/537.36 Core/1.63.6726.400 QQBrowser/10.2.2265.400'
    'CONTENT_TYPE' => 'application/x-www-form-urlencoded; charset=UTF-8'
    'HTTP_REFERER' => 'http://admin.hdsw.com/admin/admin_pwd?id=1'
    'HTTP_ACCEPT_ENCODING' => 'gzip, deflate'
    'HTTP_ACCEPT_LANGUAGE' => 'zh-CN,zh;q=0.9'
    'HTTP_COOKIE' => 'advanced-backend=6lt3u7s5cb2ncmn323vhqqmrv1'
    'PATH' => 'C:\\Windows\\system32;C:\\Windows;C:\\Windows\\System32\\Wbem;C:\\Windows\\System32\\WindowsPowerShell\\v1.0\\;D:\\TortoiseSVN\\bin;D:\\wamp64\\bin\\php\\php5.6.35;'
    'SystemRoot' => 'C:\\Windows'
    'COMSPEC' => 'C:\\Windows\\system32\\cmd.exe'
    'PATHEXT' => '.COM;.EXE;.BAT;.CMD;.VBS;.VBE;.JS;.JSE;.WSF;.WSH;.MSC'
    'WINDIR' => 'C:\\Windows'
    'SERVER_SIGNATURE' => '<address>Apache/2.4.33 (Win64) PHP/5.6.35 Server at admin.hdsw.com Port 80</address>
'
    'SERVER_SOFTWARE' => 'Apache/2.4.33 (Win64) PHP/5.6.35'
    'SERVER_NAME' => 'admin.hdsw.com'
    'SERVER_ADDR' => '127.0.0.1'
    'SERVER_PORT' => '80'
    'REMOTE_ADDR' => '127.0.0.1'
    'DOCUMENT_ROOT' => 'D:/wamp64/www/hdsw/backend/web'
    'REQUEST_SCHEME' => 'http'
    'CONTEXT_PREFIX' => ''
    'CONTEXT_DOCUMENT_ROOT' => 'D:/wamp64/www/hdsw/backend/web'
    'SERVER_ADMIN' => 'wampserver@wampserver.invalid'
    'SCRIPT_FILENAME' => 'D:/wamp64/www/hdsw/backend/web/index.php'
    'REMOTE_PORT' => '59835'
    'REDIRECT_URL' => '/admin/admin_pwd'
    'GATEWAY_INTERFACE' => 'CGI/1.1'
    'SERVER_PROTOCOL' => 'HTTP/1.1'
    'REQUEST_METHOD' => 'POST'
    'QUERY_STRING' => ''
    'REQUEST_URI' => '/admin/admin_pwd'
    'SCRIPT_NAME' => '/index.php'
    'PHP_SELF' => '/index.php'
    'REQUEST_TIME_FLOAT' => 1537430314.173
    'REQUEST_TIME' => 1537430314
]
2018-09-20 16:00:36 [127.0.0.1][-][6lt3u7s5cb2ncmn323vhqqmrv1][error][yii\base\UnknownPropertyException] exception 'yii\base\UnknownPropertyException' with message 'Getting unknown property: backend\controllers\AdminController::crypto' in D:\wamp64\www\hdsw\vendor\yiisoft\yii2\base\Component.php:143
Stack trace:
#0 D:\wamp64\www\hdsw\backend\controllers\AdminController.php(175): yii\base\Component->__get('crypto')
#1 [internal function]: backend\controllers\AdminController->actionAdmin_pwd()
#2 D:\wamp64\www\hdsw\vendor\yiisoft\yii2\base\InlineAction.php(55): call_user_func_array(Array, Array)
#3 D:\wamp64\www\hdsw\vendor\yiisoft\yii2\base\Controller.php(154): yii\base\InlineAction->runWithParams(Array)
#4 D:\wamp64\www\hdsw\vendor\yiisoft\yii2\base\Module.php(454): yii\base\Controller->runAction('admin_pwd', Array)
#5 D:\wamp64\www\hdsw\vendor\yiisoft\yii2\web\Application.php(100): yii\base\Module->runAction('admin/admin_pwd', Array)
#6 D:\wamp64\www\hdsw\vendor\yiisoft\yii2\base\Application.php(375): yii\web\Application->handleRequest(Object(yii\web\Request))
#7 D:\wamp64\www\hdsw\backend\web\index.php(17): yii\base\Application->run()
#8 {main}
2018-09-20 16:00:36 [127.0.0.1][-][6lt3u7s5cb2ncmn323vhqqmrv1][info][application] $_POST = [
    'Admin' => [
        'id' => '1'
        'username' => 'admin'
        'password' => '@admin1230.123.'
        'pwd_repeat' => '@admin1230.123.'
    ]
]

$_COOKIE = [
    'advanced-backend' => '6lt3u7s5cb2ncmn323vhqqmrv1'
]

$_SESSION = [
    '__flash' => []
    '__captcha/site/captcha' => 'm2m1'
    '__captcha/site/captchacount' => 1
    'userInfo' => [
        'id' => '3'
        'username' => 'shen'
    ]
]

$_SERVER = [
    'REDIRECT_STATUS' => '200'
    'HTTP_HOST' => 'admin.hdsw.com'
    'HTTP_CONNECTION' => 'keep-alive'
    'CONTENT_LENGTH' => '119'
    'HTTP_ACCEPT' => 'application/json, text/javascript, */*; q=0.01'
    'HTTP_ORIGIN' => 'http://admin.hdsw.com'
    'HTTP_X_REQUESTED_WITH' => 'XMLHttpRequest'
    'HTTP_USER_AGENT' => 'Mozilla/5.0 (Windows NT 6.1; WOW64) AppleWebKit/537.36 (KHTML, like Gecko) Chrome/63.0.3239.26 Safari/537.36 Core/1.63.6726.400 QQBrowser/10.2.2265.400'
    'CONTENT_TYPE' => 'application/x-www-form-urlencoded; charset=UTF-8'
    'HTTP_REFERER' => 'http://admin.hdsw.com/admin/admin_pwd?id=1'
    'HTTP_ACCEPT_ENCODING' => 'gzip, deflate'
    'HTTP_ACCEPT_LANGUAGE' => 'zh-CN,zh;q=0.9'
    'HTTP_COOKIE' => 'advanced-backend=6lt3u7s5cb2ncmn323vhqqmrv1'
    'PATH' => 'C:\\Windows\\system32;C:\\Windows;C:\\Windows\\System32\\Wbem;C:\\Windows\\System32\\WindowsPowerShell\\v1.0\\;D:\\TortoiseSVN\\bin;D:\\wamp64\\bin\\php\\php5.6.35;'
    'SystemRoot' => 'C:\\Windows'
    'COMSPEC' => 'C:\\Windows\\system32\\cmd.exe'
    'PATHEXT' => '.COM;.EXE;.BAT;.CMD;.VBS;.VBE;.JS;.JSE;.WSF;.WSH;.MSC'
    'WINDIR' => 'C:\\Windows'
    'SERVER_SIGNATURE' => '<address>Apache/2.4.33 (Win64) PHP/5.6.35 Server at admin.hdsw.com Port 80</address>
'
    'SERVER_SOFTWARE' => 'Apache/2.4.33 (Win64) PHP/5.6.35'
    'SERVER_NAME' => 'admin.hdsw.com'
    'SERVER_ADDR' => '127.0.0.1'
    'SERVER_PORT' => '80'
    'REMOTE_ADDR' => '127.0.0.1'
    'DOCUMENT_ROOT' => 'D:/wamp64/www/hdsw/backend/web'
    'REQUEST_SCHEME' => 'http'
    'CONTEXT_PREFIX' => ''
    'CONTEXT_DOCUMENT_ROOT' => 'D:/wamp64/www/hdsw/backend/web'
    'SERVER_ADMIN' => 'wampserver@wampserver.invalid'
    'SCRIPT_FILENAME' => 'D:/wamp64/www/hdsw/backend/web/index.php'
    'REMOTE_PORT' => '60111'
    'REDIRECT_URL' => '/admin/admin_pwd'
    'GATEWAY_INTERFACE' => 'CGI/1.1'
    'SERVER_PROTOCOL' => 'HTTP/1.1'
    'REQUEST_METHOD' => 'POST'
    'QUERY_STRING' => ''
    'REQUEST_URI' => '/admin/admin_pwd'
    'SCRIPT_NAME' => '/index.php'
    'PHP_SELF' => '/index.php'
    'REQUEST_TIME_FLOAT' => 1537430436.043
    'REQUEST_TIME' => 1537430436
]
